<?xml version="1.0" encoding="UTF-8"?>
<!-- Generated by org.testng.reporters.JUnitReportReporter -->
<testsuite hostname="Bryces-MacBook-Pro.local" failures="0" tests="1" name="MavenHW.GoogleTest" time="8.108" errors="0" timestamp="08 Dec 2018 19:54:19 GMT" skipped="0">
  <testcase classname="MavenHW.GoogleTest" name="Page" time="8.108"/>
</testsuite> <!-- MavenHW.GoogleTest -->
